<?xml version="1.0" encoding="UTF-8"?>
<testsuite name="com.unittest.practice.user.impl.ServiceTest" tests="4" skipped="0" failures="0" errors="0" timestamp="2022-10-18T10:06:14" hostname="Ms-MacBook-Pro.local" time="1.619">
  <properties/>
  <testcase name="createUser_ErrorRepo()" classname="com.unittest.practice.user.impl.ServiceTest" time="1.5"/>
  <testcase name="createUserValid()" classname="com.unittest.practice.user.impl.ServiceTest" time="0.112"/>
  <testcase name="createInvalidUser_1()" classname="com.unittest.practice.user.impl.ServiceTest" time="0.003"/>
  <testcase name="createInvalidUser_2()" classname="com.unittest.practice.user.impl.ServiceTest" time="0.001"/>
  <system-out><![CDATA[]]></system-out>
  <system-err><![CDATA[]]></system-err>
</testsuite>
